<?xml version="1.0" encoding="utf-8"?>
<coverage line-rate="0.5414" branch-rate="0.4547" version="1.9" timestamp="1622542350" lines-covered="536" lines-valid="990" branches-covered="191" branches-valid="420">
  <sources>
    <source>C:\Users\Paran\Documents\BackupGit\Restaurant_Applicatie\Restaurant-Groep4\</source>
  </sources>
  <packages>
    <package name="Restaurant-Groep4" line-rate="0.5414" branch-rate="0.4547" complexity="508">
      <classes>
        <class name="Restaurant_Groep4.Program" filename="Program.cs" line-rate="0.44439999999999996" branch-rate="0" complexity="6">
          <methods>
            <method name="Main" signature="(System.String[])" line-rate="0" branch-rate="0" complexity="2">
              <lines>
                <line number="18" hits="0" branch="False" />
                <line number="20" hits="0" branch="False" />
                <line number="22" hits="0" branch="True" condition-coverage="0% (0/2)">
                  <conditions>
                    <condition number="24" type="jump" coverage="0%" />
                  </conditions>
                </line>
                <line number="24" hits="0" branch="False" />
                <line number="25" hits="0" branch="False" />
                <line number="27" hits="0" branch="False" />
              </lines>
            </method>
            <method name="Start" signature="()" line-rate="1" branch-rate="1" complexity="1">
              <lines>
                <line number="29" hits="8" branch="False" />
                <line number="31" hits="8" branch="False" />
                <line number="32" hits="8" branch="False" />
                <line number="33" hits="8" branch="False" />
                <line number="35" hits="8" branch="False" />
                <line number="36" hits="8" branch="False" />
                <line number="38" hits="8" branch="False" />
              </lines>
            </method>
            <method name="Update" signature="()" line-rate="0" branch-rate="0" complexity="2">
              <lines>
                <line number="40" hits="0" branch="False" />
                <line number="42" hits="0" branch="False" />
                <line number="43" hits="0" branch="False" />
                <line number="44" hits="0" branch="True" condition-coverage="0% (0/2)">
                  <conditions>
                    <condition number="29" type="jump" coverage="0%" />
                  </conditions>
                </line>
                <line number="45" hits="0" branch="False" />
                <line number="46" hits="0" branch="False" />
                <line number="47" hits="0" branch="False" />
                <line number="48" hits="0" branch="False" />
                <line number="49" hits="0" branch="False" />
              </lines>
            </method>
            <method name=".cctor" signature="()" line-rate="1" branch-rate="1" complexity="1">
              <lines>
                <line number="11" hits="1" branch="False" />
                <line number="13" hits="1" branch="False" />
                <line number="14" hits="1" branch="False" />
                <line number="15" hits="1" branch="False" />
                <line number="16" hits="1" branch="False" />
              </lines>
            </method>
          </methods>
          <lines>
            <line number="18" hits="0" branch="False" />
            <line number="20" hits="0" branch="False" />
            <line number="22" hits="0" branch="True" condition-coverage="0% (0/2)">
              <conditions>
                <condition number="24" type="jump" coverage="0%" />
              </conditions>
            </line>
            <line number="24" hits="0" branch="False" />
            <line number="25" hits="0" branch="False" />
            <line number="27" hits="0" branch="False" />
            <line number="29" hits="8" branch="False" />
            <line number="31" hits="8" branch="False" />
            <line number="32" hits="8" branch="False" />
            <line number="33" hits="8" branch="False" />
            <line number="35" hits="8" branch="False" />
            <line number="36" hits="8" branch="False" />
            <line number="38" hits="8" branch="False" />
            <line number="40" hits="0" branch="False" />
            <line number="42" hits="0" branch="False" />
            <line number="43" hits="0" branch="False" />
            <line number="44" hits="0" branch="True" condition-coverage="0% (0/2)">
              <conditions>
                <condition number="29" type="jump" coverage="0%" />
              </conditions>
            </line>
            <line number="45" hits="0" branch="False" />
            <line number="46" hits="0" branch="False" />
            <line number="47" hits="0" branch="False" />
            <line number="48" hits="0" branch="False" />
            <line number="49" hits="0" branch="False" />
            <line number="11" hits="1" branch="False" />
            <line number="13" hits="1" branch="False" />
            <line number="14" hits="1" branch="False" />
            <line number="15" hits="1" branch="False" />
            <line number="16" hits="1" branch="False" />
          </lines>
        </class>
        <class name="Restaurant_Groep4.Screens.AccountMaken" filename="Screens\AccountMaken.cs" line-rate="0" branch-rate="1" complexity="3">
          <methods>
            <method name="ToDispaly" signature="()" line-rate="0" branch-rate="1" complexity="1">
              <lines>
                <line number="14" hits="0" branch="False" />
                <line number="15" hits="0" branch="False" />
                <line number="16" hits="0" branch="False" />
                <line number="18" hits="0" branch="False" />
                <line number="19" hits="0" branch="False" />
                <line number="20" hits="0" branch="False" />
                <line number="21" hits="0" branch="False" />
                <line number="22" hits="0" branch="False" />
                <line number="23" hits="0" branch="False" />
                <line number="24" hits="0" branch="False" />
                <line number="25" hits="0" branch="False" />
                <line number="27" hits="0" branch="False" />
                <line number="28" hits="0" branch="False" />
              </lines>
            </method>
            <method name="EditAccount" signature="()" line-rate="0" branch-rate="1" complexity="1">
              <lines>
                <line number="31" hits="0" branch="False" />
                <line number="32" hits="0" branch="False" />
                <line number="33" hits="0" branch="False" />
                <line number="35" hits="0" branch="False" />
                <line number="36" hits="0" branch="False" />
                <line number="38" hits="0" branch="False" />
                <line number="39" hits="0" branch="False" />
                <line number="41" hits="0" branch="False" />
                <line number="42" hits="0" branch="False" />
                <line number="44" hits="0" branch="False" />
                <line number="49" hits="0" branch="False" />
              </lines>
            </method>
            <method name=".cctor" signature="()" line-rate="0" branch-rate="1" complexity="1">
              <lines>
                <line number="11" hits="0" branch="False" />
              </lines>
            </method>
          </methods>
          <lines>
            <line number="14" hits="0" branch="False" />
            <line number="15" hits="0" branch="False" />
            <line number="16" hits="0" branch="False" />
            <line number="18" hits="0" branch="False" />
            <line number="19" hits="0" branch="False" />
            <line number="20" hits="0" branch="False" />
            <line number="21" hits="0" branch="False" />
            <line number="22" hits="0" branch="False" />
            <line number="23" hits="0" branch="False" />
            <line number="24" hits="0" branch="False" />
            <line number="25" hits="0" branch="False" />
            <line number="27" hits="0" branch="False" />
            <line number="28" hits="0" branch="False" />
            <line number="31" hits="0" branch="False" />
            <line number="32" hits="0" branch="False" />
            <line number="33" hits="0" branch="False" />
            <line number="35" hits="0" branch="False" />
            <line number="36" hits="0" branch="False" />
            <line number="38" hits="0" branch="False" />
            <line number="39" hits="0" branch="False" />
            <line number="41" hits="0" branch="False" />
            <line number="42" hits="0" branch="False" />
            <line number="44" hits="0" branch="False" />
            <line number="49" hits="0" branch="False" />
            <line number="11" hits="0" branch="False" />
          </lines>
        </class>
        <class name="Restaurant_Groep4.Screens.FloorPlan" filename="Screens\FloorPlan.cs" line-rate="1" branch-rate="0.5" complexity="90">
          <methods>
            <method name="ToDisplay" signature="()" line-rate="1" branch-rate="0.5" complexity="90">
              <lines>
                <line number="11" hits="1" branch="False" />
                <line number="13" hits="1" branch="False" />
                <line number="14" hits="1" branch="False" />
                <line number="15" hits="1" branch="False" />
                <line number="16" hits="1" branch="False" />
                <line number="17" hits="1" branch="False" />
                <line number="18" hits="1" branch="False" />
                <line number="19" hits="1" branch="False" />
                <line number="20" hits="1" branch="False" />
                <line number="21" hits="1" branch="False" />
                <line number="22" hits="1" branch="False" />
                <line number="23" hits="1" branch="False" />
                <line number="24" hits="1" branch="False" />
                <line number="25" hits="1" branch="False" />
                <line number="26" hits="1" branch="False" />
                <line number="27" hits="1" branch="False" />
                <line number="28" hits="1" branch="False" />
                <line number="29" hits="1" branch="False" />
                <line number="30" hits="1" branch="False" />
                <line number="31" hits="1" branch="False" />
                <line number="32" hits="1" branch="False" />
                <line number="33" hits="1" branch="False" />
                <line number="34" hits="1" branch="False" />
                <line number="35" hits="1" branch="False" />
                <line number="36" hits="1" branch="False" />
                <line number="37" hits="1" branch="False" />
                <line number="38" hits="1" branch="True" condition-coverage="50% (1/2)">
                  <conditions>
                    <condition number="522" type="jump" coverage="50%" />
                  </conditions>
                </line>
                <line number="39" hits="1" branch="True" condition-coverage="50% (1/2)">
                  <conditions>
                    <condition number="566" type="jump" coverage="50%" />
                  </conditions>
                </line>
                <line number="40" hits="1" branch="True" condition-coverage="50% (1/2)">
                  <conditions>
                    <condition number="610" type="jump" coverage="50%" />
                  </conditions>
                </line>
                <line number="41" hits="1" branch="True" condition-coverage="50% (1/2)">
                  <conditions>
                    <condition number="656" type="jump" coverage="50%" />
                  </conditions>
                </line>
                <line number="42" hits="1" branch="True" condition-coverage="50% (1/2)">
                  <conditions>
                    <condition number="702" type="jump" coverage="50%" />
                  </conditions>
                </line>
                <line number="43" hits="1" branch="True" condition-coverage="50% (1/2)">
                  <conditions>
                    <condition number="746" type="jump" coverage="50%" />
                  </conditions>
                </line>
                <line number="44" hits="1" branch="True" condition-coverage="50% (1/2)">
                  <conditions>
                    <condition number="790" type="jump" coverage="50%" />
                  </conditions>
                </line>
                <line number="45" hits="1" branch="True" condition-coverage="50% (1/2)">
                  <conditions>
                    <condition number="834" type="jump" coverage="50%" />
                  </conditions>
                </line>
                <line number="46" hits="1" branch="True" condition-coverage="50% (1/2)">
                  <conditions>
                    <condition number="880" type="jump" coverage="50%" />
                  </conditions>
                </line>
                <line number="47" hits="1" branch="True" condition-coverage="50% (1/2)">
                  <conditions>
                    <condition number="926" type="jump" coverage="50%" />
                  </conditions>
                </line>
                <line number="48" hits="1" branch="True" condition-coverage="50% (1/2)">
                  <conditions>
                    <condition number="970" type="jump" coverage="50%" />
                  </conditions>
                </line>
                <line number="49" hits="1" branch="True" condition-coverage="50% (1/2)">
                  <conditions>
                    <condition number="1014" type="jump" coverage="50%" />
                  </conditions>
                </line>
                <line number="50" hits="1" branch="True" condition-coverage="50% (1/2)">
                  <conditions>
                    <condition number="1058" type="jump" coverage="50%" />
                  </conditions>
                </line>
                <line number="51" hits="1" branch="True" condition-coverage="50% (1/2)">
                  <conditions>
                    <condition number="1104" type="jump" coverage="50%" />
                  </conditions>
                </line>
                <line number="52" hits="1" branch="True" condition-coverage="50% (1/2)">
                  <conditions>
                    <condition number="1150" type="jump" coverage="50%" />
                  </conditions>
                </line>
                <line number="53" hits="1" branch="True" condition-coverage="50% (1/2)">
                  <conditions>
                    <condition number="1194" type="jump" coverage="50%" />
                  </conditions>
                </line>
                <line number="54" hits="1" branch="True" condition-coverage="50% (1/2)">
                  <conditions>
                    <condition number="1238" type="jump" coverage="50%" />
                  </conditions>
                </line>
                <line number="55" hits="1" branch="True" condition-coverage="50% (1/2)">
                  <conditions>
                    <condition number="1283" type="jump" coverage="50%" />
                  </conditions>
                </line>
                <line number="56" hits="1" branch="True" condition-coverage="50% (1/2)">
                  <conditions>
                    <condition number="1329" type="jump" coverage="50%" />
                  </conditions>
                </line>
                <line number="57" hits="1" branch="True" condition-coverage="50% (1/2)">
                  <conditions>
                    <condition number="1376" type="jump" coverage="50%" />
                  </conditions>
                </line>
                <line number="58" hits="1" branch="True" condition-coverage="50% (1/2)">
                  <conditions>
                    <condition number="1420" type="jump" coverage="50%" />
                  </conditions>
                </line>
                <line number="59" hits="1" branch="True" condition-coverage="50% (1/2)">
                  <conditions>
                    <condition number="1464" type="jump" coverage="50%" />
                  </conditions>
                </line>
                <line number="60" hits="1" branch="True" condition-coverage="50% (1/2)">
                  <conditions>
                    <condition number="1509" type="jump" coverage="50%" />
                  </conditions>
                </line>
                <line number="61" hits="1" branch="True" condition-coverage="50% (1/2)">
                  <conditions>
                    <condition number="1555" type="jump" coverage="50%" />
                  </conditions>
                </line>
                <line number="62" hits="1" branch="True" condition-coverage="50% (1/2)">
                  <conditions>
                    <condition number="1602" type="jump" coverage="50%" />
                  </conditions>
                </line>
                <line number="63" hits="1" branch="True" condition-coverage="50% (1/2)">
                  <conditions>
                    <condition number="1646" type="jump" coverage="50%" />
                  </conditions>
                </line>
                <line number="64" hits="1" branch="True" condition-coverage="50% (1/2)">
                  <conditions>
                    <condition number="1690" type="jump" coverage="50%" />
                  </conditions>
                </line>
                <line number="65" hits="1" branch="True" condition-coverage="50% (1/2)">
                  <conditions>
                    <condition number="1735" type="jump" coverage="50%" />
                  </conditions>
                </line>
                <line number="66" hits="1" branch="True" condition-coverage="50% (1/2)">
                  <conditions>
                    <condition number="1781" type="jump" coverage="50%" />
                  </conditions>
                </line>
                <line number="67" hits="1" branch="True" condition-coverage="50% (1/2)">
                  <conditions>
                    <condition number="1828" type="jump" coverage="50%" />
                  </conditions>
                </line>
                <line number="68" hits="1" branch="True" condition-coverage="50% (1/2)">
                  <conditions>
                    <condition number="1875" type="jump" coverage="50%" />
                  </conditions>
                </line>
                <line number="69" hits="1" branch="True" condition-coverage="50% (1/2)">
                  <conditions>
                    <condition number="1922" type="jump" coverage="50%" />
                  </conditions>
                </line>
                <line number="70" hits="1" branch="True" condition-coverage="50% (1/2)">
                  <conditions>
                    <condition number="1969" type="jump" coverage="50%" />
                  </conditions>
                </line>
                <line number="71" hits="1" branch="True" condition-coverage="50% (1/2)">
                  <conditions>
                    <condition number="2016" type="jump" coverage="50%" />
                  </conditions>
                </line>
                <line number="72" hits="1" branch="True" condition-coverage="50% (1/2)">
                  <conditions>
                    <condition number="2063" type="jump" coverage="50%" />
                  </conditions>
                </line>
                <line number="73" hits="1" branch="True" condition-coverage="50% (1/2)">
                  <conditions>
                    <condition number="2110" type="jump" coverage="50%" />
                  </conditions>
                </line>
                <line number="74" hits="1" branch="True" condition-coverage="50% (1/2)">
                  <conditions>
                    <condition number="2157" type="jump" coverage="50%" />
                  </conditions>
                </line>
                <line number="75" hits="1" branch="True" condition-coverage="50% (1/2)">
                  <conditions>
                    <condition number="2204" type="jump" coverage="50%" />
                  </conditions>
                </line>
                <line number="76" hits="1" branch="True" condition-coverage="50% (1/2)">
                  <conditions>
                    <condition number="2251" type="jump" coverage="50%" />
                  </conditions>
                </line>
                <line number="77" hits="1" branch="True" condition-coverage="50% (1/2)">
                  <conditions>
                    <condition number="2298" type="jump" coverage="50%" />
                  </conditions>
                </line>
                <line number="78" hits="1" branch="True" condition-coverage="50% (1/2)">
                  <conditions>
                    <condition number="2345" type="jump" coverage="50%" />
                  </conditions>
                </line>
                <line number="79" hits="1" branch="True" condition-coverage="50% (1/2)">
                  <conditions>
                    <condition number="2392" type="jump" coverage="50%" />
                  </conditions>
                </line>
                <line number="80" hits="1" branch="True" condition-coverage="50% (1/2)">
                  <conditions>
                    <condition number="2439" type="jump" coverage="50%" />
                  </conditions>
                </line>
                <line number="81" hits="1" branch="True" condition-coverage="50% (1/2)">
                  <conditions>
                    <condition number="2486" type="jump" coverage="50%" />
                  </conditions>
                </line>
                <line number="82" hits="1" branch="True" condition-coverage="50% (1/2)">
                  <conditions>
                    <condition number="2533" type="jump" coverage="50%" />
                  </conditions>
                </line>
                <line number="83" hits="1" branch="False" />
                <line number="84" hits="1" branch="False" />
              </lines>
            </method>
          </methods>
          <lines>
            <line number="11" hits="1" branch="False" />
            <line number="13" hits="1" branch="False" />
            <line number="14" hits="1" branch="False" />
            <line number="15" hits="1" branch="False" />
            <line number="16" hits="1" branch="False" />
            <line number="17" hits="1" branch="False" />
            <line number="18" hits="1" branch="False" />
            <line number="19" hits="1" branch="False" />
            <line number="20" hits="1" branch="False" />
            <line number="21" hits="1" branch="False" />
            <line number="22" hits="1" branch="False" />
            <line number="23" hits="1" branch="False" />
            <line number="24" hits="1" branch="False" />
            <line number="25" hits="1" branch="False" />
            <line number="26" hits="1" branch="False" />
            <line number="27" hits="1" branch="False" />
            <line number="28" hits="1" branch="False" />
            <line number="29" hits="1" branch="False" />
            <line number="30" hits="1" branch="False" />
            <line number="31" hits="1" branch="False" />
            <line number="32" hits="1" branch="False" />
            <line number="33" hits="1" branch="False" />
            <line number="34" hits="1" branch="False" />
            <line number="35" hits="1" branch="False" />
            <line number="36" hits="1" branch="False" />
            <line number="37" hits="1" branch="False" />
            <line number="38" hits="1" branch="True" condition-coverage="50% (1/2)">
              <conditions>
                <condition number="522" type="jump" coverage="50%" />
              </conditions>
            </line>
            <line number="39" hits="1" branch="True" condition-coverage="50% (1/2)">
              <conditions>
                <condition number="566" type="jump" coverage="50%" />
              </conditions>
            </line>
            <line number="40" hits="1" branch="True" condition-coverage="50% (1/2)">
              <conditions>
                <condition number="610" type="jump" coverage="50%" />
              </conditions>
            </line>
            <line number="41" hits="1" branch="True" condition-coverage="50% (1/2)">
              <conditions>
                <condition number="656" type="jump" coverage="50%" />
              </conditions>
            </line>
            <line number="42" hits="1" branch="True" condition-coverage="50% (1/2)">
              <conditions>
                <condition number="702" type="jump" coverage="50%" />
              </conditions>
            </line>
            <line number="43" hits="1" branch="True" condition-coverage="50% (1/2)">
              <conditions>
                <condition number="746" type="jump" coverage="50%" />
              </conditions>
            </line>
            <line number="44" hits="1" branch="True" condition-coverage="50% (1/2)">
              <conditions>
                <condition number="790" type="jump" coverage="50%" />
              </conditions>
            </line>
            <line number="45" hits="1" branch="True" condition-coverage="50% (1/2)">
              <conditions>
                <condition number="834" type="jump" coverage="50%" />
              </conditions>
            </line>
            <line number="46" hits="1" branch="True" condition-coverage="50% (1/2)">
              <conditions>
                <condition number="880" type="jump" coverage="50%" />
              </conditions>
            </line>
            <line number="47" hits="1" branch="True" condition-coverage="50% (1/2)">
              <conditions>
                <condition number="926" type="jump" coverage="50%" />
              </conditions>
            </line>
            <line number="48" hits="1" branch="True" condition-coverage="50% (1/2)">
              <conditions>
                <condition number="970" type="jump" coverage="50%" />
              </conditions>
            </line>
            <line number="49" hits="1" branch="True" condition-coverage="50% (1/2)">
              <conditions>
                <condition number="1014" type="jump" coverage="50%" />
              </conditions>
            </line>
            <line number="50" hits="1" branch="True" condition-coverage="50% (1/2)">
              <conditions>
                <condition number="1058" type="jump" coverage="50%" />
              </conditions>
            </line>
            <line number="51" hits="1" branch="True" condition-coverage="50% (1/2)">
              <conditions>
                <condition number="1104" type="jump" coverage="50%" />
              </conditions>
            </line>
            <line number="52" hits="1" branch="True" condition-coverage="50% (1/2)">
              <conditions>
                <condition number="1150" type="jump" coverage="50%" />
              </conditions>
            </line>
            <line number="53" hits="1" branch="True" condition-coverage="50% (1/2)">
              <conditions>
                <condition number="1194" type="jump" coverage="50%" />
              </conditions>
            </line>
            <line number="54" hits="1" branch="True" condition-coverage="50% (1/2)">
              <conditions>
                <condition number="1238" type="jump" coverage="50%" />
              </conditions>
            </line>
            <line number="55" hits="1" branch="True" condition-coverage="50% (1/2)">
              <conditions>
                <condition number="1283" type="jump" coverage="50%" />
              </conditions>
            </line>
            <line number="56" hits="1" branch="True" condition-coverage="50% (1/2)">
              <conditions>
                <condition number="1329" type="jump" coverage="50%" />
              </conditions>
            </line>
            <line number="57" hits="1" branch="True" condition-coverage="50% (1/2)">
              <conditions>
                <condition number="1376" type="jump" coverage="50%" />
              </conditions>
            </line>
            <line number="58" hits="1" branch="True" condition-coverage="50% (1/2)">
              <conditions>
                <condition number="1420" type="jump" coverage="50%" />
              </conditions>
            </line>
            <line number="59" hits="1" branch="True" condition-coverage="50% (1/2)">
              <conditions>
                <condition number="1464" type="jump" coverage="50%" />
              </conditions>
            </line>
            <line number="60" hits="1" branch="True" condition-coverage="50% (1/2)">
              <conditions>
                <condition number="1509" type="jump" coverage="50%" />
              </conditions>
            </line>
            <line number="61" hits="1" branch="True" condition-coverage="50% (1/2)">
              <conditions>
                <condition number="1555" type="jump" coverage="50%" />
              </conditions>
            </line>
            <line number="62" hits="1" branch="True" condition-coverage="50% (1/2)">
              <conditions>
                <condition number="1602" type="jump" coverage="50%" />
              </conditions>
            </line>
            <line number="63" hits="1" branch="True" condition-coverage="50% (1/2)">
              <conditions>
                <condition number="1646" type="jump" coverage="50%" />
              </conditions>
            </line>
            <line number="64" hits="1" branch="True" condition-coverage="50% (1/2)">
              <conditions>
                <condition number="1690" type="jump" coverage="50%" />
              </conditions>
            </line>
            <line number="65" hits="1" branch="True" condition-coverage="50% (1/2)">
              <conditions>
                <condition number="1735" type="jump" coverage="50%" />
              </conditions>
            </line>
            <line number="66" hits="1" branch="True" condition-coverage="50% (1/2)">
              <conditions>
                <condition number="1781" type="jump" coverage="50%" />
              </conditions>
            </line>
            <line number="67" hits="1" branch="True" condition-coverage="50% (1/2)">
              <conditions>
                <condition number="1828" type="jump" coverage="50%" />
              </conditions>
            </line>
            <line number="68" hits="1" branch="True" condition-coverage="50% (1/2)">
              <conditions>
                <condition number="1875" type="jump" coverage="50%" />
              </conditions>
            </line>
            <line number="69" hits="1" branch="True" condition-coverage="50% (1/2)">
              <conditions>
                <condition number="1922" type="jump" coverage="50%" />
              </conditions>
            </line>
            <line number="70" hits="1" branch="True" condition-coverage="50% (1/2)">
              <conditions>
                <condition number="1969" type="jump" coverage="50%" />
              </conditions>
            </line>
            <line number="71" hits="1" branch="True" condition-coverage="50% (1/2)">
              <conditions>
                <condition number="2016" type="jump" coverage="50%" />
              </conditions>
            </line>
            <line number="72" hits="1" branch="True" condition-coverage="50% (1/2)">
              <conditions>
                <condition number="2063" type="jump" coverage="50%" />
              </conditions>
            </line>
            <line number="73" hits="1" branch="True" condition-coverage="50% (1/2)">
              <conditions>
                <condition number="2110" type="jump" coverage="50%" />
              </conditions>
            </line>
            <line number="74" hits="1" branch="True" condition-coverage="50% (1/2)">
              <conditions>
                <condition number="2157" type="jump" coverage="50%" />
              </conditions>
            </line>
            <line number="75" hits="1" branch="True" condition-coverage="50% (1/2)">
              <conditions>
                <condition number="2204" type="jump" coverage="50%" />
              </conditions>
            </line>
            <line number="76" hits="1" branch="True" condition-coverage="50% (1/2)">
              <conditions>
                <condition number="2251" type="jump" coverage="50%" />
              </conditions>
            </line>
            <line number="77" hits="1" branch="True" condition-coverage="50% (1/2)">
              <conditions>
                <condition number="2298" type="jump" coverage="50%" />
              </conditions>
            </line>
            <line number="78" hits="1" branch="True" condition-coverage="50% (1/2)">
              <conditions>
                <condition number="2345" type="jump" coverage="50%" />
              </conditions>
            </line>
            <line number="79" hits="1" branch="True" condition-coverage="50% (1/2)">
              <conditions>
                <condition number="2392" type="jump" coverage="50%" />
              </conditions>
            </line>
            <line number="80" hits="1" branch="True" condition-coverage="50% (1/2)">
              <conditions>
                <condition number="2439" type="jump" coverage="50%" />
              </conditions>
            </line>
            <line number="81" hits="1" branch="True" condition-coverage="50% (1/2)">
              <conditions>
                <condition number="2486" type="jump" coverage="50%" />
              </conditions>
            </line>
            <line number="82" hits="1" branch="True" condition-coverage="50% (1/2)">
              <conditions>
                <condition number="2533" type="jump" coverage="50%" />
              </conditions>
            </line>
            <line number="83" hits="1" branch="False" />
            <line number="84" hits="1" branch="False" />
          </lines>
        </class>
        <class name="Restaurant_Groep4.Screens.InlogPagina" filename="Screens\InlogPagina.cs" line-rate="0" branch-rate="0" complexity="6">
          <methods>
            <method name="ToDisplay" signature="()" line-rate="0" branch-rate="0" complexity="4">
              <lines>
                <line number="15" hits="0" branch="False" />
                <line number="16" hits="0" branch="False" />
                <line number="17" hits="0" branch="False" />
                <line number="18" hits="0" branch="False" />
                <line number="20" hits="0" branch="False" />
                <line number="22" hits="0" branch="True" condition-coverage="0% (0/2)">
                  <conditions>
                    <condition number="68" type="jump" coverage="0%" />
                  </conditions>
                </line>
                <line number="23" hits="0" branch="False" />
                <line number="24" hits="0" branch="False" />
                <line number="25" hits="0" branch="False" />
                <line number="26" hits="0" branch="True" condition-coverage="0% (0/2)">
                  <conditions>
                    <condition number="98" type="jump" coverage="0%" />
                  </conditions>
                </line>
                <line number="27" hits="0" branch="False" />
                <line number="28" hits="0" branch="False" />
                <line number="29" hits="0" branch="False" />
                <line number="31" hits="0" branch="False" />
                <line number="32" hits="0" branch="False" />
                <line number="33" hits="0" branch="False" />
                <line number="35" hits="0" branch="False" />
                <line number="36" hits="0" branch="False" />
              </lines>
            </method>
            <method name="EditLogin" signature="()" line-rate="0" branch-rate="1" complexity="1">
              <lines>
                <line number="39" hits="0" branch="False" />
                <line number="40" hits="0" branch="False" />
                <line number="42" hits="0" branch="False" />
                <line number="43" hits="0" branch="False" />
                <line number="45" hits="0" branch="False" />
                <line number="46" hits="0" branch="False" />
                <line number="48" hits="0" branch="False" />
                <line number="49" hits="0" branch="False" />
                <line number="50" hits="0" branch="False" />
              </lines>
            </method>
            <method name=".cctor" signature="()" line-rate="0" branch-rate="1" complexity="1">
              <lines>
                <line number="12" hits="0" branch="False" />
              </lines>
            </method>
          </methods>
          <lines>
            <line number="15" hits="0" branch="False" />
            <line number="16" hits="0" branch="False" />
            <line number="17" hits="0" branch="False" />
            <line number="18" hits="0" branch="False" />
            <line number="20" hits="0" branch="False" />
            <line number="22" hits="0" branch="True" condition-coverage="0% (0/2)">
              <conditions>
                <condition number="68" type="jump" coverage="0%" />
              </conditions>
            </line>
            <line number="23" hits="0" branch="False" />
            <line number="24" hits="0" branch="False" />
            <line number="25" hits="0" branch="False" />
            <line number="26" hits="0" branch="True" condition-coverage="0% (0/2)">
              <conditions>
                <condition number="98" type="jump" coverage="0%" />
              </conditions>
            </line>
            <line number="27" hits="0" branch="False" />
            <line number="28" hits="0" branch="False" />
            <line number="29" hits="0" branch="False" />
            <line number="31" hits="0" branch="False" />
            <line number="32" hits="0" branch="False" />
            <line number="33" hits="0" branch="False" />
            <line number="35" hits="0" branch="False" />
            <line number="36" hits="0" branch="False" />
            <line number="39" hits="0" branch="False" />
            <line number="40" hits="0" branch="False" />
            <line number="42" hits="0" branch="False" />
            <line number="43" hits="0" branch="False" />
            <line number="45" hits="0" branch="False" />
            <line number="46" hits="0" branch="False" />
            <line number="48" hits="0" branch="False" />
            <line number="49" hits="0" branch="False" />
            <line number="50" hits="0" branch="False" />
            <line number="12" hits="0" branch="False" />
          </lines>
        </class>
        <class name="Restaurant_Groep4.Screens.Login" filename="Screens\Login.cs" line-rate="0" branch-rate="1" complexity="1">
          <methods>
            <method name="ToDisplay" signature="()" line-rate="0" branch-rate="1" complexity="1">
              <lines>
                <line number="12" hits="0" branch="False" />
                <line number="13" hits="0" branch="False" />
                <line number="14" hits="0" branch="False" />
                <line number="15" hits="0" branch="False" />
                <line number="16" hits="0" branch="False" />
                <line number="17" hits="0" branch="False" />
                <line number="18" hits="0" branch="False" />
                <line number="19" hits="0" branch="False" />
                <line number="20" hits="0" branch="False" />
                <line number="21" hits="0" branch="False" />
              </lines>
            </method>
          </methods>
          <lines>
            <line number="12" hits="0" branch="False" />
            <line number="13" hits="0" branch="False" />
            <line number="14" hits="0" branch="False" />
            <line number="15" hits="0" branch="False" />
            <line number="16" hits="0" branch="False" />
            <line number="17" hits="0" branch="False" />
            <line number="18" hits="0" branch="False" />
            <line number="19" hits="0" branch="False" />
            <line number="20" hits="0" branch="False" />
            <line number="21" hits="0" branch="False" />
          </lines>
        </class>
        <class name="Restaurant_Groep4.Screens.Mainmenu" filename="Screens\Mainmenu.cs" line-rate="1" branch-rate="1" complexity="1">
          <methods>
            <method name="ToDisplay" signature="()" line-rate="1" branch-rate="1" complexity="1">
              <lines>
                <line number="10" hits="8" branch="False" />
                <line number="12" hits="8" branch="False" />
                <line number="14" hits="8" branch="False" />
                <line number="15" hits="8" branch="False" />
                <line number="16" hits="8" branch="False" />
                <line number="18" hits="8" branch="False" />
                <line number="19" hits="8" branch="False" />
                <line number="20" hits="8" branch="False" />
                <line number="21" hits="8" branch="False" />
                <line number="22" hits="8" branch="False" />
                <line number="23" hits="8" branch="False" />
                <line number="24" hits="8" branch="False" />
                <line number="25" hits="8" branch="False" />
                <line number="26" hits="8" branch="False" />
                <line number="27" hits="8" branch="False" />
                <line number="28" hits="8" branch="False" />
                <line number="29" hits="8" branch="False" />
              </lines>
            </method>
          </methods>
          <lines>
            <line number="10" hits="8" branch="False" />
            <line number="12" hits="8" branch="False" />
            <line number="14" hits="8" branch="False" />
            <line number="15" hits="8" branch="False" />
            <line number="16" hits="8" branch="False" />
            <line number="18" hits="8" branch="False" />
            <line number="19" hits="8" branch="False" />
            <line number="20" hits="8" branch="False" />
            <line number="21" hits="8" branch="False" />
            <line number="22" hits="8" branch="False" />
            <line number="23" hits="8" branch="False" />
            <line number="24" hits="8" branch="False" />
            <line number="25" hits="8" branch="False" />
            <line number="26" hits="8" branch="False" />
            <line number="27" hits="8" branch="False" />
            <line number="28" hits="8" branch="False" />
            <line number="29" hits="8" branch="False" />
          </lines>
        </class>
        <class name="Restaurant_Groep4.Screens.Menus" filename="Screens\Menus.cs" line-rate="0" branch-rate="1" complexity="1">
          <methods>
            <method name="ToDisplay" signature="()" line-rate="0" branch-rate="1" complexity="1">
              <lines>
                <line number="11" hits="0" branch="False" />
                <line number="13" hits="0" branch="False" />
                <line number="14" hits="0" branch="False" />
                <line number="15" hits="0" branch="False" />
                <line number="16" hits="0" branch="False" />
                <line number="17" hits="0" branch="False" />
                <line number="18" hits="0" branch="False" />
                <line number="19" hits="0" branch="False" />
                <line number="20" hits="0" branch="False" />
                <line number="21" hits="0" branch="False" />
                <line number="22" hits="0" branch="False" />
                <line number="23" hits="0" branch="False" />
                <line number="24" hits="0" branch="False" />
                <line number="25" hits="0" branch="False" />
                <line number="26" hits="0" branch="False" />
                <line number="27" hits="0" branch="False" />
              </lines>
            </method>
          </methods>
          <lines>
            <line number="11" hits="0" branch="False" />
            <line number="13" hits="0" branch="False" />
            <line number="14" hits="0" branch="False" />
            <line number="15" hits="0" branch="False" />
            <line number="16" hits="0" branch="False" />
            <line number="17" hits="0" branch="False" />
            <line number="18" hits="0" branch="False" />
            <line number="19" hits="0" branch="False" />
            <line number="20" hits="0" branch="False" />
            <line number="21" hits="0" branch="False" />
            <line number="22" hits="0" branch="False" />
            <line number="23" hits="0" branch="False" />
            <line number="24" hits="0" branch="False" />
            <line number="25" hits="0" branch="False" />
            <line number="26" hits="0" branch="False" />
            <line number="27" hits="0" branch="False" />
          </lines>
        </class>
        <class name="Restaurant_Groep4.Screens.ReserveringWriter" filename="Screens\ReserveringWriter.cs" line-rate="0" branch-rate="0" complexity="36">
          <methods>
            <method name="ToDisplay" signature="()" line-rate="0" branch-rate="0" complexity="36">
              <lines>
                <line number="10" hits="0" branch="False" />
                <line number="12" hits="0" branch="False" />
                <line number="15" hits="0" branch="False" />
                <line number="16" hits="0" branch="False" />
                <line number="17" hits="0" branch="False" />
                <line number="18" hits="0" branch="False" />
                <line number="19" hits="0" branch="True" condition-coverage="0% (0/12)">
                  <conditions>
                    <condition number="125" type="jump" coverage="0%" />
                    <condition number="69" type="jump" coverage="0%" />
                    <condition number="73" type="jump" coverage="0%" />
                    <condition number="78" type="jump" coverage="0%" />
                    <condition number="92" type="jump" coverage="0%" />
                    <condition number="97" type="jump" coverage="0%" />
                  </conditions>
                </line>
                <line number="21" hits="0" branch="False" />
                <line number="22" hits="0" branch="False" />
                <line number="23" hits="0" branch="False" />
                <line number="24" hits="0" branch="False" />
                <line number="25" hits="0" branch="False" />
                <line number="26" hits="0" branch="True" condition-coverage="0% (0/6)">
                  <conditions>
                    <condition number="206" type="jump" coverage="0%" />
                    <condition number="165" type="jump" coverage="0%" />
                    <condition number="170" type="jump" coverage="0%" />
                  </conditions>
                </line>
                <line number="28" hits="0" branch="False" />
                <line number="29" hits="0" branch="False" />
                <line number="30" hits="0" branch="False" />
                <line number="31" hits="0" branch="False" />
                <line number="33" hits="0" branch="False" />
                <line number="34" hits="0" branch="True" condition-coverage="0% (0/4)">
                  <conditions>
                    <condition number="366" type="jump" coverage="0%" />
                    <condition number="335" type="jump" coverage="0%" />
                  </conditions>
                </line>
                <line number="36" hits="0" branch="True" condition-coverage="0% (0/2)">
                  <conditions>
                    <condition number="230" type="jump" coverage="0%" />
                  </conditions>
                </line>
                <line number="38" hits="0" branch="True" condition-coverage="0% (0/2)">
                  <conditions>
                    <condition number="249" type="jump" coverage="0%" />
                  </conditions>
                </line>
                <line number="39" hits="0" branch="False" />
                <line number="40" hits="0" branch="True" condition-coverage="0% (0/2)">
                  <conditions>
                    <condition number="290" type="jump" coverage="0%" />
                  </conditions>
                </line>
                <line number="41" hits="0" branch="False" />
                <line number="42" hits="0" branch="False" />
                <line number="43" hits="0" branch="False" />
                <line number="44" hits="0" branch="False" />
                <line number="45" hits="0" branch="False" />
                <line number="46" hits="0" branch="False" />
                <line number="47" hits="0" branch="False" />
                <line number="48" hits="0" branch="False" />
                <line number="49" hits="0" branch="False" />
                <line number="50" hits="0" branch="False" />
                <line number="51" hits="0" branch="False" />
                <line number="52" hits="0" branch="True" condition-coverage="0% (0/8)">
                  <conditions>
                    <condition number="545" type="jump" coverage="0%" />
                    <condition number="559" type="jump" coverage="0%" />
                    <condition number="573" type="jump" coverage="0%" />
                    <condition number="594" type="jump" coverage="0%" />
                  </conditions>
                </line>
                <line number="53" hits="0" branch="False" />
                <line number="54" hits="0" branch="False" />
                <line number="55" hits="0" branch="False" />
                <line number="56" hits="0" branch="False" />
                <line number="57" hits="0" branch="False" />
                <line number="58" hits="0" branch="False" />
                <line number="59" hits="0" branch="False" />
                <line number="60" hits="0" branch="False" />
                <line number="61" hits="0" branch="False" />
              </lines>
            </method>
          </methods>
          <lines>
            <line number="10" hits="0" branch="False" />
            <line number="12" hits="0" branch="False" />
            <line number="15" hits="0" branch="False" />
            <line number="16" hits="0" branch="False" />
            <line number="17" hits="0" branch="False" />
            <line number="18" hits="0" branch="False" />
            <line number="19" hits="0" branch="True" condition-coverage="0% (0/12)">
              <conditions>
                <condition number="125" type="jump" coverage="0%" />
                <condition number="69" type="jump" coverage="0%" />
                <condition number="73" type="jump" coverage="0%" />
                <condition number="78" type="jump" coverage="0%" />
                <condition number="92" type="jump" coverage="0%" />
                <condition number="97" type="jump" coverage="0%" />
              </conditions>
            </line>
            <line number="21" hits="0" branch="False" />
            <line number="22" hits="0" branch="False" />
            <line number="23" hits="0" branch="False" />
            <line number="24" hits="0" branch="False" />
            <line number="25" hits="0" branch="False" />
            <line number="26" hits="0" branch="True" condition-coverage="0% (0/6)">
              <conditions>
                <condition number="206" type="jump" coverage="0%" />
                <condition number="165" type="jump" coverage="0%" />
                <condition number="170" type="jump" coverage="0%" />
              </conditions>
            </line>
            <line number="28" hits="0" branch="False" />
            <line number="29" hits="0" branch="False" />
            <line number="30" hits="0" branch="False" />
            <line number="31" hits="0" branch="False" />
            <line number="33" hits="0" branch="False" />
            <line number="34" hits="0" branch="True" condition-coverage="0% (0/4)">
              <conditions>
                <condition number="366" type="jump" coverage="0%" />
                <condition number="335" type="jump" coverage="0%" />
              </conditions>
            </line>
            <line number="36" hits="0" branch="True" condition-coverage="0% (0/2)">
              <conditions>
                <condition number="230" type="jump" coverage="0%" />
              </conditions>
            </line>
            <line number="38" hits="0" branch="True" condition-coverage="0% (0/2)">
              <conditions>
                <condition number="249" type="jump" coverage="0%" />
              </conditions>
            </line>
            <line number="39" hits="0" branch="False" />
            <line number="40" hits="0" branch="True" condition-coverage="0% (0/2)">
              <conditions>
                <condition number="290" type="jump" coverage="0%" />
              </conditions>
            </line>
            <line number="41" hits="0" branch="False" />
            <line number="42" hits="0" branch="False" />
            <line number="43" hits="0" branch="False" />
            <line number="44" hits="0" branch="False" />
            <line number="45" hits="0" branch="False" />
            <line number="46" hits="0" branch="False" />
            <line number="47" hits="0" branch="False" />
            <line number="48" hits="0" branch="False" />
            <line number="49" hits="0" branch="False" />
            <line number="50" hits="0" branch="False" />
            <line number="51" hits="0" branch="False" />
            <line number="52" hits="0" branch="True" condition-coverage="0% (0/8)">
              <conditions>
                <condition number="545" type="jump" coverage="0%" />
                <condition number="559" type="jump" coverage="0%" />
                <condition number="573" type="jump" coverage="0%" />
                <condition number="594" type="jump" coverage="0%" />
              </conditions>
            </line>
            <line number="53" hits="0" branch="False" />
            <line number="54" hits="0" branch="False" />
            <line number="55" hits="0" branch="False" />
            <line number="56" hits="0" branch="False" />
            <line number="57" hits="0" branch="False" />
            <line number="58" hits="0" branch="False" />
            <line number="59" hits="0" branch="False" />
            <line number="60" hits="0" branch="False" />
            <line number="61" hits="0" branch="False" />
          </lines>
        </class>
        <class name="Restaurant_Groep4.Screens.ReviewViewer" filename="Screens\ReviewViewer.cs" line-rate="0.9264" branch-rate="0.8571" complexity="30">
          <methods>
            <method name="ToDisplay" signature="()" line-rate="0.9512" branch-rate="0.8125" complexity="16">
              <lines>
                <line number="14" hits="1" branch="False" />
                <line number="16" hits="1" branch="False" />
                <line number="17" hits="1" branch="False" />
                <line number="18" hits="1" branch="False" />
                <line number="19" hits="1" branch="False" />
                <line number="20" hits="1" branch="False" />
                <line number="21" hits="1" branch="False" />
                <line number="22" hits="17" branch="True" condition-coverage="100% (2/2)">
                  <conditions>
                    <condition number="494" type="jump" coverage="100%" />
                  </conditions>
                </line>
                <line number="23" hits="10" branch="True" condition-coverage="75% (3/4)">
                  <conditions>
                    <condition number="114" type="jump" coverage="50%" />
                    <condition number="142" type="jump" coverage="100%" />
                  </conditions>
                </line>
                <line number="25" hits="5" branch="False" />
                <line number="26" hits="5" branch="False" />
                <line number="27" hits="5" branch="False" />
                <line number="28" hits="5" branch="False" />
                <line number="29" hits="5" branch="False" />
                <line number="30" hits="5" branch="False" />
                <line number="31" hits="5" branch="False" />
                <line number="32" hits="5" branch="False" />
                <line number="33" hits="5" branch="True" condition-coverage="50% (1/2)">
                  <conditions>
                    <condition number="293" type="jump" coverage="50%" />
                  </conditions>
                </line>
                <line number="34" hits="8" branch="True" condition-coverage="100% (2/2)">
                  <conditions>
                    <condition number="327" type="jump" coverage="100%" />
                  </conditions>
                </line>
                <line number="35" hits="5" branch="False" />
                <line number="36" hits="5" branch="False" />
                <line number="37" hits="5" branch="False" />
                <line number="38" hits="5" branch="False" />
                <line number="39" hits="5" branch="False" />
                <line number="40" hits="5" branch="False" />
                <line number="41" hits="5" branch="False" />
                <line number="42" hits="7" branch="True" condition-coverage="100% (2/2)">
                  <conditions>
                    <condition number="477" type="jump" coverage="100%" />
                  </conditions>
                </line>
                <line number="43" hits="4" branch="False" />
                <line number="44" hits="4" branch="False" />
                <line number="45" hits="1" branch="False" />
                <line number="46" hits="1" branch="False" />
                <line number="47" hits="1" branch="False" />
                <line number="48" hits="1" branch="False" />
                <line number="49" hits="1" branch="True" condition-coverage="50% (1/2)">
                  <conditions>
                    <condition number="644" type="jump" coverage="50%" />
                  </conditions>
                </line>
                <line number="50" hits="0" branch="False" />
                <line number="51" hits="0" branch="False" />
                <line number="52" hits="2" branch="True" condition-coverage="100% (2/2)">
                  <conditions>
                    <condition number="687" type="jump" coverage="100%" />
                  </conditions>
                </line>
                <line number="53" hits="1" branch="False" />
                <line number="54" hits="1" branch="False" />
                <line number="55" hits="1" branch="False" />
                <line number="56" hits="1" branch="False" />
              </lines>
            </method>
            <method name="LinesNeeded" signature="()" line-rate="1" branch-rate="0.9" complexity="10">
              <lines>
                <line number="58" hits="1" branch="False" />
                <line number="60" hits="1" branch="False" />
                <line number="61" hits="1" branch="False" />
                <line number="62" hits="1" branch="False" />
                <line number="63" hits="17" branch="True" condition-coverage="100% (2/2)">
                  <conditions>
                    <condition number="169" type="jump" coverage="100%" />
                  </conditions>
                </line>
                <line number="64" hits="10" branch="True" condition-coverage="75% (3/4)">
                  <conditions>
                    <condition number="51" type="jump" coverage="50%" />
                    <condition number="79" type="jump" coverage="100%" />
                  </conditions>
                </line>
                <line number="65" hits="5" branch="False" />
                <line number="66" hits="8" branch="True" condition-coverage="100% (2/2)">
                  <conditions>
                    <condition number="106" type="jump" coverage="100%" />
                  </conditions>
                </line>
                <line number="67" hits="5" branch="False" />
                <line number="68" hits="5" branch="False" />
                <line number="69" hits="5" branch="False" />
                <line number="70" hits="7" branch="True" condition-coverage="100% (2/2)">
                  <conditions>
                    <condition number="152" type="jump" coverage="100%" />
                  </conditions>
                </line>
                <line number="71" hits="4" branch="False" />
                <line number="72" hits="4" branch="False" />
                <line number="73" hits="1" branch="False" />
                <line number="74" hits="1" branch="False" />
              </lines>
            </method>
            <method name="CalculatePageCount" signature="()" line-rate="1" branch-rate="1" complexity="2">
              <lines>
                <line number="76" hits="2" branch="False" />
                <line number="78" hits="2" branch="False" />
                <line number="79" hits="8" branch="True" condition-coverage="100% (2/2)">
                  <conditions>
                    <condition number="49" type="jump" coverage="100%" />
                  </conditions>
                </line>
                <line number="81" hits="2" branch="False" />
                <line number="82" hits="2" branch="False" />
              </lines>
            </method>
            <method name="ModifyPrivateValue" signature="(System.Int32)" line-rate="0" branch-rate="1" complexity="1">
              <lines>
                <line number="84" hits="0" branch="False" />
                <line number="85" hits="0" branch="False" />
                <line number="86" hits="0" branch="False" />
              </lines>
            </method>
            <method name=".cctor" signature="()" line-rate="1" branch-rate="1" complexity="1">
              <lines>
                <line number="10" hits="1" branch="False" />
                <line number="11" hits="1" branch="False" />
                <line number="12" hits="1" branch="False" />
              </lines>
            </method>
          </methods>
          <lines>
            <line number="14" hits="1" branch="False" />
            <line number="16" hits="1" branch="False" />
            <line number="17" hits="1" branch="False" />
            <line number="18" hits="1" branch="False" />
            <line number="19" hits="1" branch="False" />
            <line number="20" hits="1" branch="False" />
            <line number="21" hits="1" branch="False" />
            <line number="22" hits="17" branch="True" condition-coverage="100% (2/2)">
              <conditions>
                <condition number="494" type="jump" coverage="100%" />
              </conditions>
            </line>
            <line number="23" hits="10" branch="True" condition-coverage="75% (3/4)">
              <conditions>
                <condition number="114" type="jump" coverage="50%" />
                <condition number="142" type="jump" coverage="100%" />
              </conditions>
            </line>
            <line number="25" hits="5" branch="False" />
            <line number="26" hits="5" branch="False" />
            <line number="27" hits="5" branch="False" />
            <line number="28" hits="5" branch="False" />
            <line number="29" hits="5" branch="False" />
            <line number="30" hits="5" branch="False" />
            <line number="31" hits="5" branch="False" />
            <line number="32" hits="5" branch="False" />
            <line number="33" hits="5" branch="True" condition-coverage="50% (1/2)">
              <conditions>
                <condition number="293" type="jump" coverage="50%" />
              </conditions>
            </line>
            <line number="34" hits="8" branch="True" condition-coverage="100% (2/2)">
              <conditions>
                <condition number="327" type="jump" coverage="100%" />
              </conditions>
            </line>
            <line number="35" hits="5" branch="False" />
            <line number="36" hits="5" branch="False" />
            <line number="37" hits="5" branch="False" />
            <line number="38" hits="5" branch="False" />
            <line number="39" hits="5" branch="False" />
            <line number="40" hits="5" branch="False" />
            <line number="41" hits="5" branch="False" />
            <line number="42" hits="7" branch="True" condition-coverage="100% (2/2)">
              <conditions>
                <condition number="477" type="jump" coverage="100%" />
              </conditions>
            </line>
            <line number="43" hits="4" branch="False" />
            <line number="44" hits="4" branch="False" />
            <line number="45" hits="1" branch="False" />
            <line number="46" hits="1" branch="False" />
            <line number="47" hits="1" branch="False" />
            <line number="48" hits="1" branch="False" />
            <line number="49" hits="1" branch="True" condition-coverage="50% (1/2)">
              <conditions>
                <condition number="644" type="jump" coverage="50%" />
              </conditions>
            </line>
            <line number="50" hits="0" branch="False" />
            <line number="51" hits="0" branch="False" />
            <line number="52" hits="2" branch="True" condition-coverage="100% (2/2)">
              <conditions>
                <condition number="687" type="jump" coverage="100%" />
              </conditions>
            </line>
            <line number="53" hits="1" branch="False" />
            <line number="54" hits="1" branch="False" />
            <line number="55" hits="1" branch="False" />
            <line number="56" hits="1" branch="False" />
            <line number="58" hits="1" branch="False" />
            <line number="60" hits="1" branch="False" />
            <line number="61" hits="1" branch="False" />
            <line number="62" hits="1" branch="False" />
            <line number="63" hits="17" branch="True" condition-coverage="100% (2/2)">
              <conditions>
                <condition number="169" type="jump" coverage="100%" />
              </conditions>
            </line>
            <line number="64" hits="10" branch="True" condition-coverage="75% (3/4)">
              <conditions>
                <condition number="51" type="jump" coverage="50%" />
                <condition number="79" type="jump" coverage="100%" />
              </conditions>
            </line>
            <line number="65" hits="5" branch="False" />
            <line number="66" hits="8" branch="True" condition-coverage="100% (2/2)">
              <conditions>
                <condition number="106" type="jump" coverage="100%" />
              </conditions>
            </line>
            <line number="67" hits="5" branch="False" />
            <line number="68" hits="5" branch="False" />
            <line number="69" hits="5" branch="False" />
            <line number="70" hits="7" branch="True" condition-coverage="100% (2/2)">
              <conditions>
                <condition number="152" type="jump" coverage="100%" />
              </conditions>
            </line>
            <line number="71" hits="4" branch="False" />
            <line number="72" hits="4" branch="False" />
            <line number="73" hits="1" branch="False" />
            <line number="74" hits="1" branch="False" />
            <line number="76" hits="2" branch="False" />
            <line number="78" hits="2" branch="False" />
            <line number="79" hits="8" branch="True" condition-coverage="100% (2/2)">
              <conditions>
                <condition number="49" type="jump" coverage="100%" />
              </conditions>
            </line>
            <line number="81" hits="2" branch="False" />
            <line number="82" hits="2" branch="False" />
            <line number="84" hits="0" branch="False" />
            <line number="85" hits="0" branch="False" />
            <line number="86" hits="0" branch="False" />
            <line number="10" hits="1" branch="False" />
            <line number="11" hits="1" branch="False" />
            <line number="12" hits="1" branch="False" />
          </lines>
        </class>
        <class name="Restaurant_Groep4.Screens.ReviewWriter" filename="Screens\ReviewWriter.cs" line-rate="0.5588000000000001" branch-rate="0.6" complexity="11">
          <methods>
            <method name="ToDisplay" signature="()" line-rate="0" branch-rate="0" complexity="4">
              <lines>
                <line number="13" hits="0" branch="False" />
                <line number="15" hits="0" branch="False" />
                <line number="20" hits="0" branch="False" />
                <line number="22" hits="0" branch="False" />
                <line number="23" hits="0" branch="False" />
                <line number="24" hits="0" branch="False" />
                <line number="25" hits="0" branch="False" />
                <line number="26" hits="0" branch="False" />
                <line number="27" hits="0" branch="True" condition-coverage="0% (0/2)">
                  <conditions>
                    <condition number="207" type="jump" coverage="0%" />
                  </conditions>
                </line>
                <line number="28" hits="0" branch="False" />
                <line number="29" hits="0" branch="True" condition-coverage="0% (0/2)">
                  <conditions>
                    <condition number="250" type="jump" coverage="0%" />
                  </conditions>
                </line>
                <line number="30" hits="0" branch="False" />
                <line number="31" hits="0" branch="False" />
                <line number="33" hits="0" branch="False" />
                <line number="35" hits="0" branch="False" />
              </lines>
            </method>
            <method name="EditReview" signature="()" line-rate="1" branch-rate="1" complexity="6">
              <lines>
                <line number="37" hits="7" branch="False" />
                <line number="39" hits="7" branch="False" />
                <line number="40" hits="7" branch="False" />
                <line number="42" hits="7" branch="False" />
                <line number="43" hits="7" branch="False" />
                <line number="44" hits="7" branch="False" />
                <line number="45" hits="14" branch="True" condition-coverage="100% (2/2)">
                  <conditions>
                    <condition number="106" type="jump" coverage="100%" />
                  </conditions>
                </line>
                <line number="46" hits="15" branch="True" condition-coverage="100% (2/2)">
                  <conditions>
                    <condition number="117" type="jump" coverage="100%" />
                  </conditions>
                </line>
                <line number="47" hits="9" branch="True" condition-coverage="100% (2/2)">
                  <conditions>
                    <condition number="136" type="jump" coverage="100%" />
                  </conditions>
                </line>
                <line number="48" hits="12" branch="False" />
                <line number="49" hits="7" branch="False" />
                <line number="50" hits="7" branch="False" />
                <line number="51" hits="7" branch="False" />
                <line number="55" hits="7" branch="False" />
                <line number="56" hits="7" branch="False" />
                <line number="58" hits="7" branch="False" />
                <line number="59" hits="7" branch="False" />
              </lines>
            </method>
            <method name=".cctor" signature="()" line-rate="1" branch-rate="1" complexity="1">
              <lines>
                <line number="10" hits="1" branch="False" />
                <line number="11" hits="1" branch="False" />
              </lines>
            </method>
          </methods>
          <lines>
            <line number="13" hits="0" branch="False" />
            <line number="15" hits="0" branch="False" />
            <line number="20" hits="0" branch="False" />
            <line number="22" hits="0" branch="False" />
            <line number="23" hits="0" branch="False" />
            <line number="24" hits="0" branch="False" />
            <line number="25" hits="0" branch="False" />
            <line number="26" hits="0" branch="False" />
            <line number="27" hits="0" branch="True" condition-coverage="0% (0/2)">
              <conditions>
                <condition number="207" type="jump" coverage="0%" />
              </conditions>
            </line>
            <line number="28" hits="0" branch="False" />
            <line number="29" hits="0" branch="True" condition-coverage="0% (0/2)">
              <conditions>
                <condition number="250" type="jump" coverage="0%" />
              </conditions>
            </line>
            <line number="30" hits="0" branch="False" />
            <line number="31" hits="0" branch="False" />
            <line number="33" hits="0" branch="False" />
            <line number="35" hits="0" branch="False" />
            <line number="37" hits="7" branch="False" />
            <line number="39" hits="7" branch="False" />
            <line number="40" hits="7" branch="False" />
            <line number="42" hits="7" branch="False" />
            <line number="43" hits="7" branch="False" />
            <line number="44" hits="7" branch="False" />
            <line number="45" hits="14" branch="True" condition-coverage="100% (2/2)">
              <conditions>
                <condition number="106" type="jump" coverage="100%" />
              </conditions>
            </line>
            <line number="46" hits="15" branch="True" condition-coverage="100% (2/2)">
              <conditions>
                <condition number="117" type="jump" coverage="100%" />
              </conditions>
            </line>
            <line number="47" hits="9" branch="True" condition-coverage="100% (2/2)">
              <conditions>
                <condition number="136" type="jump" coverage="100%" />
              </conditions>
            </line>
            <line number="48" hits="12" branch="False" />
            <line number="49" hits="7" branch="False" />
            <line number="50" hits="7" branch="False" />
            <line number="51" hits="7" branch="False" />
            <line number="55" hits="7" branch="False" />
            <line number="56" hits="7" branch="False" />
            <line number="58" hits="7" branch="False" />
            <line number="59" hits="7" branch="False" />
            <line number="10" hits="1" branch="False" />
            <line number="11" hits="1" branch="False" />
          </lines>
        </class>
        <class name="Restaurant_Groep4.Reviews.Review" filename="Reviews\Review.cs" line-rate="1" branch-rate="1" complexity="5">
          <methods>
            <method name="get_UserName" signature="()" line-rate="1" branch-rate="1" complexity="1">
              <lines>
                <line number="9" hits="4740" branch="False" />
              </lines>
            </method>
            <method name="get_ReviewDate" signature="()" line-rate="1" branch-rate="1" complexity="1">
              <lines>
                <line number="10" hits="4570" branch="False" />
              </lines>
            </method>
            <method name="get_Description" signature="()" line-rate="1" branch-rate="1" complexity="1">
              <lines>
                <line number="11" hits="4699" branch="False" />
              </lines>
            </method>
            <method name="get_Rating" signature="()" line-rate="1" branch-rate="1" complexity="1">
              <lines>
                <line number="12" hits="4711" branch="False" />
              </lines>
            </method>
            <method name=".ctor" signature="(System.String,Restaurant_Groep4.Misc.Date,System.String,System.Int32)" line-rate="1" branch-rate="1" complexity="1">
              <lines>
                <line number="14" hits="1144" branch="False" />
                <line number="16" hits="572" branch="False" />
                <line number="17" hits="572" branch="False" />
                <line number="18" hits="572" branch="False" />
                <line number="19" hits="572" branch="False" />
                <line number="20" hits="572" branch="False" />
              </lines>
            </method>
          </methods>
          <lines>
            <line number="9" hits="4740" branch="False" />
            <line number="10" hits="4570" branch="False" />
            <line number="11" hits="4699" branch="False" />
            <line number="12" hits="4711" branch="False" />
            <line number="14" hits="1144" branch="False" />
            <line number="16" hits="572" branch="False" />
            <line number="17" hits="572" branch="False" />
            <line number="18" hits="572" branch="False" />
            <line number="19" hits="572" branch="False" />
            <line number="20" hits="572" branch="False" />
          </lines>
        </class>
        <class name="Restaurant_Groep4.Reviews.ReviewHandler" filename="Reviews\ReviewHandler.cs" line-rate="0.9573999999999999" branch-rate="0.6537999999999999" complexity="30">
          <methods>
            <method name="get_Reviews" signature="()" line-rate="1" branch-rate="1" complexity="1">
              <lines>
                <line number="12" hits="207" branch="False" />
              </lines>
            </method>
            <method name="AddReview" signature="(Restaurant_Groep4.Reviews.Review)" line-rate="1" branch-rate="1" complexity="1">
              <lines>
                <line number="20" hits="7" branch="False" />
                <line number="21" hits="7" branch="False" />
                <line number="22" hits="7" branch="False" />
                <line number="23" hits="7" branch="False" />
              </lines>
            </method>
            <method name="GetReview" signature="(System.Int32)" line-rate="0.75" branch-rate="0.5" complexity="4">
              <lines>
                <line number="25" hits="30" branch="False" />
                <line number="27" hits="30" branch="True" condition-coverage="50% (1/2)">
                  <conditions>
                    <condition number="17" type="jump" coverage="50%" />
                  </conditions>
                </line>
                <line number="28" hits="0" branch="False" />
                <line number="30" hits="30" branch="True" condition-coverage="50% (1/2)">
                  <conditions>
                    <condition number="67" type="jump" coverage="50%" />
                  </conditions>
                </line>
                <line number="31" hits="0" branch="False" />
                <line number="33" hits="30" branch="False" />
                <line number="34" hits="30" branch="False" />
                <line number="36" hits="30" branch="False" />
              </lines>
            </method>
            <method name="LoadFromJson" signature="()" line-rate="1" branch-rate="0.6818000000000001" complexity="22">
              <lines>
                <line number="38" hits="1" branch="False" />
                <line number="39" hits="1" branch="False" />
                <line number="40" hits="1" branch="False" />
[...]
              <lines>
                <line number="12" hits="16" branch="False" />
                <line number="13" hits="8" branch="False" />
                <line number="14" hits="8" branch="False" />
                <line number="15" hits="8" branch="False" />
              </lines>
            </method>
          </methods>
          <lines>
            <line number="17" hits="8" branch="False" />
            <line number="19" hits="8" branch="False" />
            <line number="20" hits="8" branch="False" />
            <line number="22" hits="168" branch="True" condition-coverage="100% (2/2)">
              <conditions>
                <condition number="69" type="jump" coverage="100%" />
              </conditions>
            </line>
            <line number="23" hits="48" branch="False" />
            <line number="24" hits="48" branch="False" />
            <line number="25" hits="48" branch="False" />
            <line number="26" hits="8" branch="False" />
            <line number="27" hits="8" branch="False" />
            <line number="29" hits="8" branch="False" />
            <line number="31" hits="8" branch="False" />
            <line number="32" hits="8" branch="False" />
            <line number="33" hits="8" branch="False" />
            <line number="34" hits="8" branch="False" />
            <line number="36" hits="19456" branch="True" condition-coverage="100% (2/2)">
              <conditions>
                <condition number="227" type="jump" coverage="100%" />
              </conditions>
            </line>
            <line number="38" hits="6480" branch="False" />
            <line number="40" hits="12952" branch="True" condition-coverage="100% (2/2)">
              <conditions>
                <condition number="65" type="jump" coverage="100%" />
              </conditions>
            </line>
            <line number="41" hits="12808" branch="True" condition-coverage="100% (2/2)">
              <conditions>
                <condition number="81" type="jump" coverage="100%" />
              </conditions>
            </line>
            <line number="43" hits="6336" branch="False" />
            <line number="44" hits="6336" branch="False" />
            <line number="45" hits="136" branch="False" />
            <line number="47" hits="136" branch="False" />
            <line number="48" hits="136" branch="False" />
            <line number="50" hits="136" branch="False" />
            <line number="51" hits="136" branch="False" />
            <line number="52" hits="136" branch="False" />
            <line number="53" hits="6472" branch="False" />
            <line number="54" hits="8" branch="False" />
            <line number="55" hits="8" branch="False" />
            <line number="56" hits="8" branch="False" />
            <line number="58" hits="8" branch="False" />
            <line number="59" hits="8" branch="False" />
            <line number="60" hits="8" branch="False" />
            <line number="65" hits="6480" branch="False" />
            <line number="68" hits="8" branch="False" />
            <line number="69" hits="8" branch="False" />
            <line number="71" hits="50" branch="False" />
            <line number="73" hits="50" branch="False" />
            <line number="74" hits="50" branch="False" />
            <line number="76" hits="55" branch="False" />
            <line number="77" hits="55" branch="False" />
            <line number="78" hits="55" branch="False" />
            <line number="80" hits="0" branch="False" />
            <line number="81" hits="0" branch="False" />
            <line number="82" hits="0" branch="False" />
            <line number="84" hits="5" branch="False" />
            <line number="85" hits="5" branch="False" />
            <line number="86" hits="5" branch="False" />
            <line number="88" hits="14" branch="False" />
            <line number="89" hits="14" branch="False" />
            <line number="90" hits="14" branch="False" />
            <line number="91" hits="14" branch="False" />
            <line number="93" hits="0" branch="False" />
            <line number="94" hits="0" branch="False" />
            <line number="95" hits="0" branch="False" />
            <line number="96" hits="0" branch="False" />
            <line number="98" hits="8" branch="False" />
            <line number="100" hits="376" branch="True" condition-coverage="100% (2/2)">
              <conditions>
                <condition number="136" type="jump" coverage="100%" />
              </conditions>
            </line>
            <line number="102" hits="120" branch="True" condition-coverage="50% (1/2)">
              <conditions>
                <condition number="25" type="jump" coverage="50%" />
              </conditions>
            </line>
            <line number="103" hits="0" branch="False" />
            <line number="104" hits="0" branch="False" />
            <line number="105" hits="0" branch="False" />
            <line number="106" hits="120" branch="True" condition-coverage="50% (3/6)">
              <conditions>
                <condition number="49" type="jump" coverage="50%" />
                <condition number="63" type="jump" coverage="50%" />
                <condition number="87" type="jump" coverage="50%" />
              </conditions>
            </line>
            <line number="107" hits="0" branch="False" />
            <line number="110" hits="120" branch="False" />
            <line number="111" hits="120" branch="False" />
            <line number="113" hits="120" branch="False" />
            <line number="114" hits="8" branch="False" />
            <line number="116" hits="124" branch="False" />
            <line number="118" hits="10989" branch="True" condition-coverage="100% (2/2)">
              <conditions>
                <condition number="134" type="jump" coverage="100%" />
              </conditions>
            </line>
            <line number="120" hits="3583" branch="True" condition-coverage="100% (2/2)">
              <conditions>
                <condition number="25" type="jump" coverage="100%" />
              </conditions>
            </line>
            <line number="121" hits="2" branch="False" />
            <line number="122" hits="2" branch="False" />
            <line number="123" hits="2" branch="False" />
            <line number="124" hits="3582" branch="True" condition-coverage="83.33% (5/6)">
              <conditions>
                <condition number="49" type="jump" coverage="100%" />
                <condition number="63" type="jump" coverage="50%" />
                <condition number="87" type="jump" coverage="100%" />
              </conditions>
            </line>
            <line number="125" hits="1" branch="False" />
            <line number="128" hits="3580" branch="False" />
            <line number="129" hits="3580" branch="False" />
            <line number="131" hits="3580" branch="False" />
            <line number="132" hits="124" branch="False" />
            <line number="12" hits="16" branch="False" />
            <line number="13" hits="8" branch="False" />
            <line number="14" hits="8" branch="False" />
            <line number="15" hits="8" branch="False" />
          </lines>
        </class>
        <class name="Restaurant_Groep4.Display.DisplayBuffer" filename="Display\DisplayBuffer.cs" line-rate="0.9309999999999999" branch-rate="1" complexity="32">
          <methods>
            <method name="toString" signature="()" line-rate="1" branch-rate="1" complexity="6">
              <lines>
                <line number="20" hits="8" branch="False" />
                <line number="23" hits="8" branch="False" />
                <line number="24" hits="256" branch="True" condition-coverage="100% (2/2)">
                  <conditions>
                    <condition number="130" type="jump" coverage="100%" />
                  </conditions>
                </line>
                <line number="25" hits="19360" branch="True" condition-coverage="100% (2/2)">
                  <conditions>
                    <condition number="98" type="jump" coverage="100%" />
                  </conditions>
                </line>
                <line number="27" hits="10960" branch="True" condition-coverage="100% (2/2)">
                  <conditions>
                    <condition number="35" type="jump" coverage="100%" />
                  </conditions>
                </line>
                <line number="28" hits="4560" branch="False" />
                <line number="29" hits="4560" branch="False" />
                <line number="30" hits="1840" branch="False" />
                <line number="31" hits="1840" branch="False" />
                <line number="32" hits="1840" branch="False" />
                <line number="33" hits="6400" branch="False" />
                <line number="34" hits="80" branch="False" />
                <line number="35" hits="80" branch="False" />
                <line number="36" hits="8" branch="False" />
                <line number="37" hits="8" branch="False" />
              </lines>
            </method>
            <method name="SetColor" signature="(System.Int32,System.Int32,System.Int32,System.ConsoleColor)" line-rate="1" branch-rate="1" complexity="10">
              <lines>
                <line number="39" hits="55" branch="False" />
                <line number="41" hits="351" branch="True" condition-coverage="100% (2/2)">
                  <conditions>
                    <condition number="68" type="jump" coverage="100%" />
                  </conditions>
                </line>
                <line number="43" hits="87" branch="True" condition-coverage="100% (8/8)">
                  <conditions>
                    <condition number="13" type="jump" coverage="100%" />
                    <condition number="22" type="jump" coverage="100%" />
                    <condition number="26" type="jump" coverage="100%" />
                    <condition number="37" type="jump" coverage="100%" />
                  </conditions>
                </line>
                <line number="44" hits="4" branch="False" />
                <line number="47" hits="79" branch="False" />
                <line number="48" hits="79" branch="False" />
                <line number="50" hits="55" branch="False" />
              </lines>
            </method>
            <method name="FlattenColorarray" signature="()" line-rate="1" branch-rate="1" complexity="4">
              <lines>
                <line number="52" hits="8" branch="False" />
                <line number="54" hits="8" branch="False" />
                <line number="56" hits="256" branch="True" condition-coverage="100% (2/2)">
                  <conditions>
                    <condition number="82" type="jump" coverage="100%" />
                  </conditions>
                </line>
                <line number="57" hits="19360" branch="True" condition-coverage="100% (2/2)">
                  <conditions>
                    <condition number="53" type="jump" coverage="100%" />
                  </conditions>
                </line>
                <line number="59" hits="6400" branch="False" />
                <line number="61" hits="6400" branch="False" />
                <line number="62" hits="80" branch="False" />
                <line number="64" hits="80" branch="False" />
                <line number="65" hits="8" branch="False" />
                <line number="66" hits="8" branch="False" />
              </lines>
            </method>
            <method name="EmptyBuffer" signature="()" line-rate="0" branch-rate="1" complexity="1">
              <lines>
                <line number="68" hits="0" branch="False" />
                <line number="69" hits="0" branch="False" />
                <line number="70" hits="0" branch="False" />
                <line number="71" hits="0" branch="False" />
              </lines>
            </method>
            <method name="AddCharacter" signature="(System.Int32,System.Int32,System.Char,System.ConsoleColor)" line-rate="1" branch-rate="1" complexity="1">
              <lines>
                <line number="73" hits="120" branch="False" />
                <line number="75" hits="120" branch="False" />
                <line number="76" hits="120" branch="False" />
                <line number="77" hits="120" branch="False" />
              </lines>
            </method>
            <method name="AddCharacter" signature="(System.Int32,System.Int32,System.Char)" line-rate="1" branch-rate="1" complexity="8">
              <lines>
                <line number="79" hits="3590" branch="False" />
                <line number="81" hits="7174" branch="True" condition-coverage="100% (8/8)">
                  <conditions>
                    <condition number="3" type="jump" coverage="100%" />
                    <condition number="12" type="jump" coverage="100%" />
                    <condition number="16" type="jump" coverage="100%" />
                    <condition number="32" type="jump" coverage="100%" />
                  </conditions>
                </line>
                <line number="82" hits="3584" branch="False" />
                <line number="83" hits="3584" branch="False" />
                <line number="84" hits="3584" branch="False" />
                <line number="85" hits="3590" branch="False" />
              </lines>
            </method>
            <method name="ResizeDisplayBuffer" signature="(System.Int32,System.Int32)" line-rate="1" branch-rate="1" complexity="1">
              <lines>
                <line number="87" hits="15" branch="False" />
                <line number="89" hits="15" branch="False" />
                <line number="90" hits="15" branch="False" />
                <line number="91" hits="15" branch="False" />
                <line number="92" hits="15" branch="False" />
                <line number="94" hits="15" branch="False" />
              </lines>
            </method>
            <method name=".ctor" signature="(System.Int32,System.Int32)" line-rate="1" branch-rate="1" complexity="1">
              <lines>
                <line number="13" hits="16" branch="False" />
                <line number="14" hits="8" branch="False" />
                <line number="15" hits="8" branch="False" />
                <line number="16" hits="8" branch="False" />
                <line number="17" hits="8" branch="False" />
                <line number="18" hits="8" branch="False" />
              </lines>
            </method>
          </methods>
          <lines>
            <line number="20" hits="8" branch="False" />
            <line number="23" hits="8" branch="False" />
            <line number="24" hits="256" branch="True" condition-coverage="100% (2/2)">
              <conditions>
                <condition number="130" type="jump" coverage="100%" />
              </conditions>
            </line>
            <line number="25" hits="19360" branch="True" condition-coverage="100% (2/2)">
              <conditions>
                <condition number="98" type="jump" coverage="100%" />
              </conditions>
            </line>
            <line number="27" hits="10960" branch="True" condition-coverage="100% (2/2)">
              <conditions>
                <condition number="35" type="jump" coverage="100%" />
              </conditions>
            </line>
            <line number="28" hits="4560" branch="False" />
            <line number="29" hits="4560" branch="False" />
            <line number="30" hits="1840" branch="False" />
            <line number="31" hits="1840" branch="False" />
            <line number="32" hits="1840" branch="False" />
            <line number="33" hits="6400" branch="False" />
            <line number="34" hits="80" branch="False" />
            <line number="35" hits="80" branch="False" />
            <line number="36" hits="8" branch="False" />
            <line number="37" hits="8" branch="False" />
            <line number="39" hits="55" branch="False" />
            <line number="41" hits="351" branch="True" condition-coverage="100% (2/2)">
              <conditions>
                <condition number="68" type="jump" coverage="100%" />
              </conditions>
            </line>
            <line number="43" hits="87" branch="True" condition-coverage="100% (8/8)">
              <conditions>
                <condition number="13" type="jump" coverage="100%" />
                <condition number="22" type="jump" coverage="100%" />
                <condition number="26" type="jump" coverage="100%" />
                <condition number="37" type="jump" coverage="100%" />
              </conditions>
            </line>
            <line number="44" hits="4" branch="False" />
            <line number="47" hits="79" branch="False" />
            <line number="48" hits="79" branch="False" />
            <line number="50" hits="55" branch="False" />
            <line number="52" hits="8" branch="False" />
            <line number="54" hits="8" branch="False" />
            <line number="56" hits="256" branch="True" condition-coverage="100% (2/2)">
              <conditions>
                <condition number="82" type="jump" coverage="100%" />
              </conditions>
            </line>
            <line number="57" hits="19360" branch="True" condition-coverage="100% (2/2)">
              <conditions>
                <condition number="53" type="jump" coverage="100%" />
              </conditions>
            </line>
            <line number="59" hits="6400" branch="False" />
            <line number="61" hits="6400" branch="False" />
            <line number="62" hits="80" branch="False" />
            <line number="64" hits="80" branch="False" />
            <line number="65" hits="8" branch="False" />
            <line number="66" hits="8" branch="False" />
            <line number="68" hits="0" branch="False" />
            <line number="69" hits="0" branch="False" />
            <line number="70" hits="0" branch="False" />
            <line number="71" hits="0" branch="False" />
            <line number="73" hits="120" branch="False" />
            <line number="75" hits="120" branch="False" />
            <line number="76" hits="120" branch="False" />
            <line number="77" hits="120" branch="False" />
            <line number="79" hits="3590" branch="False" />
            <line number="81" hits="7174" branch="True" condition-coverage="100% (8/8)">
              <conditions>
                <condition number="3" type="jump" coverage="100%" />
                <condition number="12" type="jump" coverage="100%" />
                <condition number="16" type="jump" coverage="100%" />
                <condition number="32" type="jump" coverage="100%" />
              </conditions>
            </line>
            <line number="82" hits="3584" branch="False" />
            <line number="83" hits="3584" branch="False" />
            <line number="84" hits="3584" branch="False" />
            <line number="85" hits="3590" branch="False" />
            <line number="87" hits="15" branch="False" />
            <line number="89" hits="15" branch="False" />
            <line number="90" hits="15" branch="False" />
            <line number="91" hits="15" branch="False" />
            <line number="92" hits="15" branch="False" />
            <line number="94" hits="15" branch="False" />
            <line number="13" hits="16" branch="False" />
            <line number="14" hits="8" branch="False" />
            <line number="15" hits="8" branch="False" />
            <line number="16" hits="8" branch="False" />
            <line number="17" hits="8" branch="False" />
            <line number="18" hits="8" branch="False" />
          </lines>
        </class>
      </classes>
    </package>
  </packages>
</coverage>